<?xml version="1.0" encoding="UTF-8"?>
<!-- Generated by org.testng.reporters.JUnitReportReporter -->
<testsuite name="revampTestCase.SS_CartPage_Public_Verify_Cart_Page_Default_Functionality" tests="1" time="131.823" ignored="0" failures="0" timestamp="04 Aug 2020 12:22:19 GMT" skipped="0" hostname="TO-NXGHGAA00163000A457600-L" errors="0">
  <testcase name="main" time="131.823" classname="revampTestCase.SS_CartPage_Public_Verify_Cart_Page_Default_Functionality"/>
</testsuite> <!-- revampTestCase.SS_CartPage_Public_Verify_Cart_Page_Default_Functionality -->
