<?xml version="1.0" encoding="UTF-8"?>
<!-- Generated by org.testng.reporters.JUnitReportReporter -->
<testsuite name="revampTestCase.SS_PdpPage_Private_Verify_ExpressStorePickup_DeliveryOptions" tests="1" time="125.812" ignored="0" failures="0" timestamp="28 Jul 2020 04:01:48 GMT" skipped="0" hostname="TO-NXGHGAA00163000A457600-L" errors="0">
  <testcase name="main" time="125.812" classname="revampTestCase.SS_PdpPage_Private_Verify_ExpressStorePickup_DeliveryOptions"/>
</testsuite> <!-- revampTestCase.SS_PdpPage_Private_Verify_ExpressStorePickup_DeliveryOptions -->
