<?xml version="1.0" encoding="UTF-8"?>
<!-- Generated by org.testng.reporters.JUnitReportReporter -->
<testsuite name="revampTestCase.SS_PDP_Public_Verify_DeliveryOptions_SocialShareOption" tests="1" time="87.055" ignored="0" failures="0" timestamp="28 Jul 2020 09:16:17 GMT" skipped="0" hostname="TO-NXGHGAA00163000A457600-L" errors="0">
  <testcase name="main" time="87.055" classname="revampTestCase.SS_PDP_Public_Verify_DeliveryOptions_SocialShareOption"/>
</testsuite> <!-- revampTestCase.SS_PDP_Public_Verify_DeliveryOptions_SocialShareOption -->
