<?xml version="1.0" encoding="UTF-8"?>
<!-- Generated by org.testng.reporters.JUnitReportReporter -->
<testsuite name="revampTestCase.SS_PLP_Verify_PrimaryFilter_DropDown_Functionality" tests="1" time="80.763" ignored="0" failures="0" timestamp="28 Jul 2020 10:32:39 GMT" skipped="0" hostname="TO-NXGHGAA00163000A457600-L" errors="0">
  <testcase name="main" time="80.763" classname="revampTestCase.SS_PLP_Verify_PrimaryFilter_DropDown_Functionality"/>
</testsuite> <!-- revampTestCase.SS_PLP_Verify_PrimaryFilter_DropDown_Functionality -->
