<?xml version="1.0" encoding="UTF-8"?>
<!-- Generated by org.testng.reporters.JUnitReportReporter -->
<testsuite name="revampTestCase.SS_CartPage_Public_Verify_Pincode_Navigation_From_PDP_To_CheckoutPage" tests="1" time="130.548" ignored="0" failures="0" timestamp="28 Jul 2020 04:01:48 GMT" skipped="0" hostname="TO-NXGHGAA00163000A457600-L" errors="0">
  <testcase name="main" time="130.548" classname="revampTestCase.SS_CartPage_Public_Verify_Pincode_Navigation_From_PDP_To_CheckoutPage"/>
</testsuite> <!-- revampTestCase.SS_CartPage_Public_Verify_Pincode_Navigation_From_PDP_To_CheckoutPage -->
