<?xml version="1.0" encoding="UTF-8"?>
<!-- Generated by org.testng.reporters.JUnitReportReporter -->
<testsuite name="revampTestCase.SS_PLP_Verify_PrimaryFilter_Select_Price_Functionality" tests="1" time="69.192" ignored="0" failures="0" timestamp="28 Jul 2020 04:01:47 GMT" skipped="0" hostname="TO-NXGHGAA00163000A457600-L" errors="0">
  <testcase name="main" time="69.192" classname="revampTestCase.SS_PLP_Verify_PrimaryFilter_Select_Price_Functionality"/>
</testsuite> <!-- revampTestCase.SS_PLP_Verify_PrimaryFilter_Select_Price_Functionality -->
