<?xml version="1.0" encoding="UTF-8"?>
<!-- Generated by org.testng.reporters.JUnitReportReporter -->
<testsuite name="revampTestCase.SS_checkout_public_verify_order_using_cod_Without_OTP" tests="1" time="118.861" ignored="0" failures="0" timestamp="28 Jul 2020 12:22:01 GMT" skipped="0" hostname="TO-NXGHGAA00163000A457600-L" errors="0">
  <testcase name="main" time="118.861" classname="revampTestCase.SS_checkout_public_verify_order_using_cod_Without_OTP"/>
</testsuite> <!-- revampTestCase.SS_checkout_public_verify_order_using_cod_Without_OTP -->
