<?xml version="1.0" encoding="UTF-8"?>
<!-- Generated by org.testng.reporters.JUnitReportReporter -->
<testsuite skipped="0" hostname="TO-49MSFD2-D" name="revampTestCase.CartCreation" tests="1" failures="0" timestamp="2020-02-01T17:58:01 IST" time="133.923" errors="0">
  <testcase name="main" time="133.923" classname="revampTestCase.CartCreation"/>
</testsuite> <!-- revampTestCase.CartCreation -->
