<?xml version="1.0" encoding="UTF-8"?>
<!-- Generated by org.testng.reporters.JUnitReportReporter -->
<testsuite name="revampTestCase.SS_Account_Registration_With_Social_Acc_Functionality" tests="1" time="36.961" ignored="0" failures="0" timestamp="28 Jul 2020 04:01:47 GMT" skipped="0" hostname="TO-NXGHGAA00163000A457600-L" errors="0">
  <testcase name="main" time="36.961" classname="revampTestCase.SS_Account_Registration_With_Social_Acc_Functionality"/>
</testsuite> <!-- revampTestCase.SS_Account_Registration_With_Social_Acc_Functionality -->
