<?xml version="1.0" encoding="UTF-8"?>
<!-- Generated by org.testng.reporters.JUnitReportReporter -->
<testsuite name="revampTestCase.SS_CartPage_Private_Verify_CartPage_MoveToWishlist_Functionality" tests="1" time="178.637" ignored="0" failures="0" timestamp="28 Jul 2020 12:39:22 GMT" skipped="0" hostname="TO-NXGHGAA00163000A457600-L" errors="0">
  <testcase name="main" time="178.637" classname="revampTestCase.SS_CartPage_Private_Verify_CartPage_MoveToWishlist_Functionality"/>
</testsuite> <!-- revampTestCase.SS_CartPage_Private_Verify_CartPage_MoveToWishlist_Functionality -->
