<?xml version="1.0" encoding="UTF-8"?>
<!-- Generated by org.testng.reporters.JUnitReportReporter -->
<testsuite name="revampTestCase.SS_PDP_Private_Verify_Review_And_Ratings_Section" tests="1" time="126.609" ignored="0" failures="0" timestamp="28 Jul 2020 09:10:48 GMT" skipped="0" hostname="TO-NXGHGAA00163000A457600-L" errors="0">
  <testcase name="main" time="126.609" classname="revampTestCase.SS_PDP_Private_Verify_Review_And_Ratings_Section"/>
</testsuite> <!-- revampTestCase.SS_PDP_Private_Verify_Review_And_Ratings_Section -->
