<?xml version="1.0" encoding="UTF-8"?>
<!-- Generated by org.testng.reporters.JUnitReportReporter -->
<testsuite name="revampTestCase.SS_FOOTER_VERIFY_EXPRESSTORE_And_FAQ" tests="1" time="44.209" ignored="0" failures="0" timestamp="04 Aug 2020 10:11:44 GMT" skipped="0" hostname="TO-NXGHGAA00163000A457600-L" errors="0">
  <testcase name="main" time="44.209" classname="revampTestCase.SS_FOOTER_VERIFY_EXPRESSTORE_And_FAQ"/>
</testsuite> <!-- revampTestCase.SS_FOOTER_VERIFY_EXPRESSTORE_And_FAQ -->
