<?xml version="1.0" encoding="UTF-8"?>
<!-- Generated by org.testng.reporters.JUnitReportReporter -->
<testsuite name="revampTestCase.SS_HomePage_Public_Verify_MainMenu_ToolTip" tests="1" time="261.429" ignored="0" failures="0" timestamp="28 Jul 2020 04:01:48 GMT" skipped="0" hostname="TO-NXGHGAA00163000A457600-L" errors="0">
  <testcase name="main" time="261.429" classname="revampTestCase.SS_HomePage_Public_Verify_MainMenu_ToolTip"/>
</testsuite> <!-- revampTestCase.SS_HomePage_Public_Verify_MainMenu_ToolTip -->
