<?xml version="1.0" encoding="UTF-8"?>
<!-- Generated by org.testng.reporters.JUnitReportReporter -->
<testsuite name="revampTestCase.SS_PLP_Verify_Promotion_Image_Link" tests="1" time="55.229" ignored="0" failures="0" timestamp="28 Jul 2020 10:44:02 GMT" skipped="0" hostname="TO-NXGHGAA00163000A457600-L" errors="0">
  <testcase name="main" time="55.229" classname="revampTestCase.SS_PLP_Verify_Promotion_Image_Link"/>
</testsuite> <!-- revampTestCase.SS_PLP_Verify_Promotion_Image_Link -->
