<?xml version="1.0" encoding="UTF-8"?>
<!-- Generated by org.testng.reporters.JUnitReportReporter -->
<testsuite name="revampTestCase.SS_Footer_Firstcitizen_Verify_All_Links_Are_Clickable" tests="1" time="34.766" ignored="0" failures="0" timestamp="04 Aug 2020 09:55:17 GMT" skipped="0" hostname="TO-NXGHGAA00163000A457600-L" errors="0">
  <testcase name="FirstCitizen" time="34.766" classname="revampTestCase.SS_Footer_Firstcitizen_Verify_All_Links_Are_Clickable"/>
</testsuite> <!-- revampTestCase.SS_Footer_Firstcitizen_Verify_All_Links_Are_Clickable -->
