<?xml version="1.0" encoding="UTF-8"?>
<!-- Generated by org.testng.reporters.JUnitReportReporter -->
<testsuite name="revampTestCase.SS_Public_Verify_HomePage_Banners" tests="1" time="60.152" ignored="0" failures="0" timestamp="28 Jul 2020 04:01:48 GMT" skipped="0" hostname="TO-NXGHGAA00163000A457600-L" errors="0">
  <testcase name="main" time="60.152" classname="revampTestCase.SS_Public_Verify_HomePage_Banners"/>
</testsuite> <!-- revampTestCase.SS_Public_Verify_HomePage_Banners -->
