<?xml version="1.0" encoding="UTF-8"?>
<!-- Generated by org.testng.reporters.JUnitReportReporter -->
<testsuite name="revampTestCase.SS_PDP_Private_Verify_ProductDetails_StyleNotes_BrandInfo_ReturnAndExchange" tests="1" time="95.593" ignored="0" failures="0" timestamp="28 Jul 2020 09:07:35 GMT" skipped="0" hostname="TO-NXGHGAA00163000A457600-L" errors="0">
  <testcase name="main" time="95.593" classname="revampTestCase.SS_PDP_Private_Verify_ProductDetails_StyleNotes_BrandInfo_ReturnAndExchange"/>
</testsuite> <!-- revampTestCase.SS_PDP_Private_Verify_ProductDetails_StyleNotes_BrandInfo_ReturnAndExchange -->
