<?xml version="1.0" encoding="UTF-8"?>
<!-- Generated by org.testng.reporters.JUnitReportReporter -->
<testsuite name="revampTestCase.SS_PLP_Verify_PrimaryFilter_On_Sale_Functionality" tests="1" time="42.470" ignored="0" failures="0" timestamp="28 Jul 2020 04:01:48 GMT" skipped="0" hostname="TO-NXGHGAA00163000A457600-L" errors="0">
  <testcase name="main" time="42.470" classname="revampTestCase.SS_PLP_Verify_PrimaryFilter_On_Sale_Functionality"/>
</testsuite> <!-- revampTestCase.SS_PLP_Verify_PrimaryFilter_On_Sale_Functionality -->
