<?xml version="1.0" encoding="UTF-8"?>
<!-- Generated by org.testng.reporters.JUnitReportReporter -->
<testsuite name="revampTestCase.SS_Forgot_Password" tests="1" time="31.939" ignored="0" failures="0" timestamp="04 Aug 2020 10:13:09 GMT" skipped="0" hostname="TO-NXGHGAA00163000A457600-L" errors="0">
  <testcase name="main" time="31.939" classname="revampTestCase.SS_Forgot_Password"/>
</testsuite> <!-- revampTestCase.SS_Forgot_Password -->
