<?xml version="1.0" encoding="UTF-8"?>
<!-- Generated by org.testng.reporters.JUnitReportReporter -->
<testsuite name="revampTestCase.SS_PDP_Private_Verify_Page_Related_Functional_Validation_Part1" tests="1" time="252.280" ignored="0" failures="0" timestamp="28 Jul 2020 08:40:25 GMT" skipped="0" hostname="TO-NXGHGAA00163000A457600-L" errors="0">
  <testcase name="main" time="252.280" classname="revampTestCase.SS_PDP_Private_Verify_Page_Related_Functional_Validation_Part1"/>
</testsuite> <!-- revampTestCase.SS_PDP_Private_Verify_Page_Related_Functional_Validation_Part1 -->
