<?xml version="1.0" encoding="UTF-8"?>
<!-- Generated by org.testng.reporters.JUnitReportReporter -->
<testsuite name="revampTestCase.SS_Order_Confirmation_Verify_Complete_Your_Profile_Popup" tests="1" time="137.103" ignored="0" failures="0" timestamp="28 Jul 2020 07:39:37 GMT" skipped="0" hostname="TO-NXGHGAA00163000A457600-L" errors="0">
  <testcase name="main" time="137.103" classname="revampTestCase.SS_Order_Confirmation_Verify_Complete_Your_Profile_Popup"/>
</testsuite> <!-- revampTestCase.SS_Order_Confirmation_Verify_Complete_Your_Profile_Popup -->
