<?xml version="1.0" encoding="UTF-8"?>
<!-- Generated by org.testng.reporters.JUnitReportReporter -->
<testsuite name="revampTestCase.SS_Footer_CopyrightsAllRightsReserved_The_Text_Is_Present" tests="1" time="30.351" ignored="0" failures="0" timestamp="04 Aug 2020 09:37:20 GMT" skipped="0" hostname="TO-NXGHGAA00163000A457600-L" errors="0">
  <testcase name="copyRights" time="30.351" classname="revampTestCase.SS_Footer_CopyrightsAllRightsReserved_The_Text_Is_Present"/>
</testsuite> <!-- revampTestCase.SS_Footer_CopyrightsAllRightsReserved_The_Text_Is_Present -->
