<?xml version="1.0" encoding="UTF-8"?>
<!-- Generated by org.testng.reporters.JUnitReportReporter -->
<testsuite name="revampTestCase.SS_PLP_Verify_BreadCrumb" tests="1" time="66.819" ignored="0" failures="0" timestamp="28 Jul 2020 10:16:10 GMT" skipped="0" hostname="TO-NXGHGAA00163000A457600-L" errors="0">
  <testcase name="main" time="66.819" classname="revampTestCase.SS_PLP_Verify_BreadCrumb"/>
</testsuite> <!-- revampTestCase.SS_PLP_Verify_BreadCrumb -->
