<?xml version="1.0" encoding="UTF-8"?>
<!-- Generated by org.testng.reporters.JUnitReportReporter -->
<testsuite name="revampTestCase.SS_PLP_Verify_ClearAll_Refinements_Functionality" tests="1" time="103.871" ignored="0" failures="0" timestamp="28 Jul 2020 04:01:47 GMT" skipped="0" hostname="TO-NXGHGAA00163000A457600-L" errors="0">
  <testcase name="main" time="103.871" classname="revampTestCase.SS_PLP_Verify_ClearAll_Refinements_Functionality"/>
</testsuite> <!-- revampTestCase.SS_PLP_Verify_ClearAll_Refinements_Functionality -->
