<?xml version="1.0" encoding="UTF-8"?>
<!-- Generated by org.testng.reporters.JUnitReportReporter -->
<testsuite name="revampTestCase.SS_Footer_CookieAndPrivacyPolicy_Verify_The_Link_Is_Clickable" tests="1" time="50.490" ignored="0" failures="0" timestamp="04 Aug 2020 09:32:18 GMT" skipped="0" hostname="TO-NXGHGAA00163000A457600-L" errors="0">
  <testcase name="verifyPrivacy_Cookies_Links" time="50.490" classname="revampTestCase.SS_Footer_CookieAndPrivacyPolicy_Verify_The_Link_Is_Clickable"/>
</testsuite> <!-- revampTestCase.SS_Footer_CookieAndPrivacyPolicy_Verify_The_Link_Is_Clickable -->
