<?xml version="1.0" encoding="UTF-8"?>
<!-- Generated by org.testng.reporters.JUnitReportReporter -->
<testsuite name="revampTestCase.SS_PLP_Verify_Reg_User_Add_Remove_Wishlist" tests="1" time="152.595" ignored="0" failures="0" timestamp="28 Jul 2020 11:12:54 GMT" skipped="0" hostname="TO-NXGHGAA00163000A457600-L" errors="0">
  <testcase name="main" time="152.595" classname="revampTestCase.SS_PLP_Verify_Reg_User_Add_Remove_Wishlist"/>
</testsuite> <!-- revampTestCase.SS_PLP_Verify_Reg_User_Add_Remove_Wishlist -->
